2023-10-11T10:23:05.954+09:00  INFO 19284 --- [Test worker] kr.ch12.Ch12ApplicationTests             : Starting Ch12ApplicationTests using Java 17.0.8 with PID 19284 (started by Java in C:\Users\Java\Desktop\Workspace\Spring\Ch12)
2023-10-11T10:23:05.955+09:00  INFO 19284 --- [Test worker] kr.ch12.Ch12ApplicationTests             : No active profile set, falling back to 1 default profile: "default"
2023-10-11T10:23:06.314+09:00  INFO 19284 --- [Test worker] .s.d.r.c.RepositoryConfigurationDelegate : Bootstrapping Spring Data JPA repositories in DEFAULT mode.
2023-10-11T10:23:06.328+09:00  INFO 19284 --- [Test worker] .s.d.r.c.RepositoryConfigurationDelegate : Finished Spring Data repository scanning in 8 ms. Found 0 JPA repository interfaces.
2023-10-11T10:23:06.598+09:00  INFO 19284 --- [Test worker] o.hibernate.jpa.internal.util.LogHelper  : HHH000204: Processing PersistenceUnitInfo [name: default]
2023-10-11T10:23:06.628+09:00  INFO 19284 --- [Test worker] org.hibernate.Version                    : HHH000412: Hibernate ORM core version 6.2.9.Final
2023-10-11T10:23:06.630+09:00  INFO 19284 --- [Test worker] org.hibernate.cfg.Environment            : HHH000406: Using bytecode reflection optimizer
2023-10-11T10:23:06.713+09:00  INFO 19284 --- [Test worker] o.h.b.i.BytecodeProviderInitiator        : HHH000021: Bytecode provider name : bytebuddy
2023-10-11T10:23:06.800+09:00  INFO 19284 --- [Test worker] o.s.o.j.p.SpringPersistenceUnitInfo      : No LoadTimeWeaver setup: ignoring JPA class transformer
2023-10-11T10:23:06.811+09:00  INFO 19284 --- [Test worker] com.zaxxer.hikari.HikariDataSource       : HikariPool-1 - Starting...
2023-10-11T10:23:07.132+09:00  INFO 19284 --- [Test worker] com.zaxxer.hikari.pool.HikariPool        : HikariPool-1 - Added connection com.mysql.cj.jdbc.ConnectionImpl@6df2af02
2023-10-11T10:23:07.134+09:00  INFO 19284 --- [Test worker] com.zaxxer.hikari.HikariDataSource       : HikariPool-1 - Start completed.
2023-10-11T10:23:07.171+09:00  WARN 19284 --- [Test worker] org.hibernate.orm.deprecation            : HHH90000026: MySQL57Dialect has been deprecated; use org.hibernate.dialect.MySQLDialect instead
2023-10-11T10:23:07.218+09:00  INFO 19284 --- [Test worker] o.h.b.i.BytecodeProviderInitiator        : HHH000021: Bytecode provider name : bytebuddy
2023-10-11T10:23:07.343+09:00  INFO 19284 --- [Test worker] o.h.e.t.j.p.i.JtaPlatformInitiator       : HHH000490: Using JtaPlatform implementation: [org.hibernate.engine.transaction.jta.platform.internal.NoJtaPlatform]
2023-10-11T10:23:07.347+09:00  INFO 19284 --- [Test worker] j.LocalContainerEntityManagerFactoryBean : Initialized JPA EntityManagerFactory for persistence unit 'default'
2023-10-11T10:23:07.453+09:00  WARN 19284 --- [Test worker] JpaBaseConfiguration$JpaWebConfiguration : spring.jpa.open-in-view is enabled by default. Therefore, database queries may be performed during view rendering. Explicitly configure spring.jpa.open-in-view to disable this warning
2023-10-11T10:23:07.685+09:00  INFO 19284 --- [Test worker] o.s.b.a.w.s.WelcomePageHandlerMapping    : Adding welcome page template: index
2023-10-11T10:23:07.960+09:00  INFO 19284 --- [Test worker] o.s.s.web.DefaultSecurityFilterChain     : Will secure any request with [org.springframework.security.web.session.DisableEncodeUrlFilter@3fecb076, org.springframework.security.web.context.request.async.WebAsyncManagerIntegrationFilter@62159fd, org.springframework.security.web.context.SecurityContextHolderFilter@1504b493, org.springframework.security.web.header.HeaderWriterFilter@104392ba, org.springframework.security.web.csrf.CsrfFilter@46290193, org.springframework.security.web.authentication.logout.LogoutFilter@4769537a, org.springframework.security.oauth2.client.web.OAuth2AuthorizationRequestRedirectFilter@1fa29b9e, org.springframework.security.oauth2.client.web.OAuth2AuthorizationRequestRedirectFilter@2f29e630, org.springframework.security.oauth2.client.web.OAuth2LoginAuthenticationFilter@2d5e051e, org.springframework.security.web.authentication.ui.DefaultLoginPageGeneratingFilter@1e7113f8, org.springframework.security.web.authentication.ui.DefaultLogoutPageGeneratingFilter@28e8dee7, org.springframework.security.web.savedrequest.RequestCacheAwareFilter@7872e91f, org.springframework.security.web.servletapi.SecurityContextHolderAwareRequestFilter@27575bcd, org.springframework.security.web.authentication.AnonymousAuthenticationFilter@7c37ac3c, org.springframework.security.oauth2.client.web.OAuth2AuthorizationCodeGrantFilter@6a7ea7c, org.springframework.security.web.access.ExceptionTranslationFilter@fe09374, org.springframework.security.web.access.intercept.AuthorizationFilter@402676e3]
2023-10-11T10:23:08.010+09:00  INFO 19284 --- [Test worker] kr.ch12.Ch12ApplicationTests             : Started Ch12ApplicationTests in 2.196 seconds (process running for 2.839)
2023-10-11T10:23:08.406+09:00  INFO 19284 --- [SpringApplicationShutdownHook] j.LocalContainerEntityManagerFactoryBean : Closing JPA EntityManagerFactory for persistence unit 'default'
2023-10-11T10:23:08.408+09:00  INFO 19284 --- [SpringApplicationShutdownHook] com.zaxxer.hikari.HikariDataSource       : HikariPool-1 - Shutdown initiated...
2023-10-11T10:23:08.520+09:00  INFO 19284 --- [SpringApplicationShutdownHook] com.zaxxer.hikari.HikariDataSource       : HikariPool-1 - Shutdown completed.
